============================= test session starts ==============================
platform linux -- Python 3.10.19, pytest-9.0.2, pluggy-1.6.0
rootdir: /workspace/ImageConverter
configfile: pytest.ini
collected 338 items

tests/test_image_composite_converter.py ................................ [  9%]
........................................................................ [ 30%]
........................................................................ [ 52%]
............................................s........................... [ 73%]
........................................................................ [ 94%]
..................                                                       [100%]

=============================== warnings summary ===============================
<frozen importlib._bootstrap>:241
<frozen importlib._bootstrap>:241
  <frozen importlib._bootstrap>:241: DeprecationWarning: builtin type SwigPyPacked has no __module__ attribute

<frozen importlib._bootstrap>:241
<frozen importlib._bootstrap>:241
  <frozen importlib._bootstrap>:241: DeprecationWarning: builtin type SwigPyObject has no __module__ attribute

<frozen importlib._bootstrap>:241
  <frozen importlib._bootstrap>:241: DeprecationWarning: builtin type swigvarlink has no __module__ attribute

-- Docs: https://docs.pytest.org/en/stable/how-to/capture-warnings.html
=========== 337 passed, 1 skipped, 5 warnings in 1345.61s (0:22:25) ============
sys:1: DeprecationWarning: builtin type swigvarlink has no __module__ attribute
